# JRE version: Java(TM) SE Runtime Environment (22.0+36) (build 22+36-2370)
# Java VM: Java HotSpot(TM) 64-Bit Server VM (22+36-2370, mixed mode, sharing, tiered, compressed oops, compressed class ptrs, g1 gc, windows-amd64)
GC Precious Log:
 CardTable entry size: 512
 Card Set container configuration: InlinePtr #cards 4 size 8 Array Of Cards #cards 32 size 80 Howl #buckets 8 coarsen threshold 7372 Howl Bitmap #cards 1024 size 144 coarsen threshold 921 Card regions per heap region 1 cards per card region 8192
 CPUs: 4 total, 4 available
 Memory: 7834M
 Large Page Support: Disabled
 NUMA Support: Disabled
 Compressed Oops: Enabled (Zero based)
 Heap Region Size: 4M
 Heap Min Capacity: 8M
 Heap Initial Capacity: 124M
 Heap Max Capacity: 8G
 Pre-touch: Disabled
 Parallel Workers: 4
 Concurrent Workers: 1
 Concurrent Refinement Workers: 4
 Periodic GC: Disabled
Heap:
 garbage-first heap   total reserved 8388608K, committed 499712K, used 385152K [0x0000000600000000, 0x0000000800000000)
  region size 4096K, 43 young (176128K), 3 survivors (12288K)
 Metaspace       used 171170K, committed 174208K, reserved 1245184K
  class space    used 23188K, committed 24640K, reserved 1048576K
GC Heap History (20 events):
Event: 71.390 GC heap before
{Heap before GC invocations=55 (full 0):
 garbage-first heap   total reserved 8388608K, committed 315392K, used 273115K [0x0000000600000000, 0x0000000800000000)
  region size 4096K, 24 young (98304K), 4 survivors (16384K)
 Metaspace       used 170413K, committed 173376K, reserved 1245184K
  class space    used 23143K, committed 24576K, reserved 1048576K
}
Event: 71.410 GC heap after
{Heap after GC invocations=56 (full 0):
 garbage-first heap   total reserved 8388608K, committed 315392K, used 201925K [0x0000000600000000, 0x0000000800000000)
  region size 4096K, 3 young (12288K), 3 survivors (12288K)
 Metaspace       used 170413K, committed 173376K, reserved 1245184K
  class space    used 23143K, committed 24576K, reserved 1048576K
}
Event: 71.915 GC heap before
{Heap before GC invocations=57 (full 0):
 garbage-first heap   total reserved 8388608K, committed 344064K, used 279749K [0x0000000600000000, 0x0000000800000000)
  region size 4096K, 22 young (90112K), 3 survivors (12288K)
 Metaspace       used 170417K, committed 173440K, reserved 1245184K
  class space    used 23143K, committed 24576K, reserved 1048576K
}
Event: 71.924 GC heap after
{Heap after GC invocations=58 (full 0):
 garbage-first heap   total reserved 8388608K, committed 344064K, used 199841K [0x0000000600000000, 0x0000000800000000)
  region size 4096K, 2 young (8192K), 2 survivors (8192K)
 Metaspace       used 170417K, committed 173440K, reserved 1245184K
  class space    used 23143K, committed 24576K, reserved 1048576K
}
Event: 72.528 GC heap before
{Heap before GC invocations=58 (full 0):
 garbage-first heap   total reserved 8388608K, committed 344064K, used 310433K [0x0000000600000000, 0x0000000800000000)
  region size 4096K, 30 young (122880K), 2 survivors (8192K)
 Metaspace       used 170442K, committed 173440K, reserved 1245184K
  class space    used 23144K, committed 24576K, reserved 1048576K
}
Event: 72.537 GC heap after
{Heap after GC invocations=59 (full 0):
 garbage-first heap   total reserved 8388608K, committed 413696K, used 199649K [0x0000000600000000, 0x0000000800000000)
  region size 4096K, 2 young (8192K), 2 survivors (8192K)
 Metaspace       used 170442K, committed 173440K, reserved 1245184K
  class space    used 23144K, committed 24576K, reserved 1048576K
}
Event: 73.395 GC heap before
{Heap before GC invocations=59 (full 0):
 garbage-first heap   total reserved 8388608K, committed 413696K, used 375777K [0x0000000600000000, 0x0000000800000000)
  region size 4096K, 46 young (188416K), 2 survivors (8192K)
 Metaspace       used 170492K, committed 173440K, reserved 1245184K
  class space    used 23150K, committed 24576K, reserved 1048576K
}
Event: 73.416 GC heap after
{Heap after GC invocations=60 (full 0):
 garbage-first heap   total reserved 8388608K, committed 413696K, used 217279K [0x0000000600000000, 0x0000000800000000)
  region size 4096K, 6 young (24576K), 6 survivors (24576K)
 Metaspace       used 170492K, committed 173440K, reserved 1245184K
  class space    used 23150K, committed 24576K, reserved 1048576K
}
Event: 74.616 GC heap before
{Heap before GC invocations=60 (full 0):
 garbage-first heap   total reserved 8388608K, committed 413696K, used 356543K [0x0000000600000000, 0x0000000800000000)
  region size 4096K, 41 young (167936K), 6 survivors (24576K)
 Metaspace       used 171035K, committed 174016K, reserved 1245184K
  class space    used 23190K, committed 24640K, reserved 1048576K
}
Event: 74.645 GC heap after
{Heap after GC invocations=61 (full 0):
 garbage-first heap   total reserved 8388608K, committed 413696K, used 230542K [0x0000000600000000, 0x0000000800000000)
  region size 4096K, 4 young (16384K), 4 survivors (16384K)
 Metaspace       used 171035K, committed 174016K, reserved 1245184K
  class space    used 23190K, committed 24640K, reserved 1048576K
}
Event: 75.742 GC heap before
{Heap before GC invocations=61 (full 0):
 garbage-first heap   total reserved 8388608K, committed 413696K, used 365710K [0x0000000600000000, 0x0000000800000000)
  region size 4096K, 38 young (155648K), 4 survivors (16384K)
 Metaspace       used 171081K, committed 174080K, reserved 1245184K
  class space    used 23191K, committed 24640K, reserved 1048576K
}
Event: 75.755 GC heap after
{Heap after GC invocations=62 (full 0):
 garbage-first heap   total reserved 8388608K, committed 413696K, used 231215K [0x0000000600000000, 0x0000000800000000)
  region size 4096K, 1 young (4096K), 1 survivors (4096K)
 Metaspace       used 171081K, committed 174080K, reserved 1245184K
  class space    used 23191K, committed 24640K, reserved 1048576K
}
Event: 76.651 GC heap before
{Heap before GC invocations=63 (full 0):
 garbage-first heap   total reserved 8388608K, committed 413696K, used 378671K [0x0000000600000000, 0x0000000800000000)
  region size 4096K, 37 young (151552K), 1 survivors (4096K)
 Metaspace       used 171089K, committed 174144K, reserved 1245184K
  class space    used 23186K, committed 24640K, reserved 1048576K
}
Event: 76.656 GC heap after
{Heap after GC invocations=64 (full 0):
 garbage-first heap   total reserved 8388608K, committed 413696K, used 231585K [0x0000000600000000, 0x0000000800000000)
  region size 4096K, 1 young (4096K), 1 survivors (4096K)
 Metaspace       used 171089K, committed 174144K, reserved 1245184K
  class space    used 23186K, committed 24640K, reserved 1048576K
}
Event: 77.126 GC heap before
{Heap before GC invocations=64 (full 0):
 garbage-first heap   total reserved 8388608K, committed 413696K, used 383137K [0x0000000600000000, 0x0000000800000000)
  region size 4096K, 38 young (155648K), 1 survivors (4096K)
 Metaspace       used 171096K, committed 174144K, reserved 1245184K
  class space    used 23186K, committed 24640K, reserved 1048576K
}
Event: 77.139 GC heap after
{Heap after GC invocations=65 (full 0):
 garbage-first heap   total reserved 8388608K, committed 499712K, used 225460K [0x0000000600000000, 0x0000000800000000)
  region size 4096K, 2 young (8192K), 2 survivors (8192K)
 Metaspace       used 171096K, committed 174144K, reserved 1245184K
  class space    used 23186K, committed 24640K, reserved 1048576K
}
Event: 77.989 GC heap before
{Heap before GC invocations=65 (full 0):
 garbage-first heap   total reserved 8388608K, committed 499712K, used 446644K [0x0000000600000000, 0x0000000800000000)
  region size 4096K, 56 young (229376K), 2 survivors (8192K)
 Metaspace       used 171132K, committed 174144K, reserved 1245184K
  class space    used 23188K, committed 24640K, reserved 1048576K
}
Event: 77.995 GC heap after
{Heap after GC invocations=66 (full 0):
 garbage-first heap   total reserved 8388608K, committed 499712K, used 227202K [0x0000000600000000, 0x0000000800000000)
  region size 4096K, 2 young (8192K), 2 survivors (8192K)
 Metaspace       used 171132K, committed 174144K, reserved 1245184K
  class space    used 23188K, committed 24640K, reserved 1048576K
}
Event: 78.989 GC heap before
{Heap before GC invocations=66 (full 0):
 garbage-first heap   total reserved 8388608K, committed 499712K, used 460674K [0x0000000600000000, 0x0000000800000000)
  region size 4096K, 59 young (241664K), 2 survivors (8192K)
 Metaspace       used 171146K, committed 174144K, reserved 1245184K
  class space    used 23188K, committed 24640K, reserved 1048576K
}
Event: 78.996 GC heap after
{Heap after GC invocations=67 (full 0):
 garbage-first heap   total reserved 8388608K, committed 499712K, used 229504K [0x0000000600000000, 0x0000000800000000)
  region size 4096K, 3 young (12288K), 3 survivors (12288K)
 Metaspace       used 171146K, committed 174144K, reserved 1245184K
  class space    used 23188K, committed 24640K, reserved 1048576K
}

