# JRE version: OpenJDK Runtime Environment (21.0.4) (build 21.0.4+-12508038-b607.1)
# Java VM: OpenJDK 64-Bit Server VM (21.0.4+-12508038-b607.1, mixed mode, tiered, compressed oops, compressed class ptrs, g1 gc, windows-amd64)
GC Precious Log:
 CardTable entry size: 512
 Card Set container configuration: InlinePtr #cards 4 size 8 Array Of Cards #cards 32 size 80 Howl #buckets 8 coarsen threshold 7372 Howl Bitmap #cards 1024 size 144 coarsen threshold 921 Card regions per heap region 1 cards per card region 8192
 CPUs: 4 total, 4 available
 Memory: 7834M
 Large Page Support: Disabled
 NUMA Support: Disabled
 Compressed Oops: Enabled (Zero based)
 Heap Region Size: 4M
 Heap Min Capacity: 8M
 Heap Initial Capacity: 124M
 Heap Max Capacity: 8G
 Pre-touch: Disabled
 Parallel Workers: 4
 Concurrent Workers: 1
 Concurrent Refinement Workers: 4
 Periodic GC: Disabled
Heap:
 garbage-first heap   total 581632K, used 263786K [0x0000000600000000, 0x0000000800000000)
  region size 4096K, 3 young (12288K), 3 survivors (12288K)
 Metaspace       used 202800K, committed 205824K, reserved 1245184K
  class space    used 25763K, committed 27264K, reserved 1048576K
GC Heap History (20 events):
Event: 73.495 GC heap after
{Heap after GC invocations=67 (full 0):
 garbage-first heap   total 581632K, used 222807K [0x0000000600000000, 0x0000000800000000)
  region size 4096K, 3 young (12288K), 3 survivors (12288K)
 Metaspace       used 196267K, committed 199168K, reserved 1245184K
  class space    used 24945K, committed 26368K, reserved 1048576K
}
Event: 74.935 GC heap before
{Heap before GC invocations=68 (full 0):
 garbage-first heap   total 581632K, used 534103K [0x0000000600000000, 0x0000000800000000)
  region size 4096K, 79 young (323584K), 3 survivors (12288K)
 Metaspace       used 196336K, committed 199232K, reserved 1245184K
  class space    used 24957K, committed 26368K, reserved 1048576K
}
Event: 74.937 GC heap after
{Heap after GC invocations=69 (full 0):
 garbage-first heap   total 581632K, used 209013K [0x0000000600000000, 0x0000000800000000)
  region size 4096K, 1 young (4096K), 1 survivors (4096K)
 Metaspace       used 196336K, committed 199232K, reserved 1245184K
  class space    used 24957K, committed 26368K, reserved 1048576K
}
Event: 75.913 GC heap before
{Heap before GC invocations=69 (full 0):
 garbage-first heap   total 581632K, used 544885K [0x0000000600000000, 0x0000000800000000)
  region size 4096K, 82 young (335872K), 1 survivors (4096K)
 Metaspace       used 196337K, committed 199232K, reserved 1245184K
  class space    used 24957K, committed 26368K, reserved 1048576K
}
Event: 75.923 GC heap after
{Heap after GC invocations=70 (full 0):
 garbage-first heap   total 581632K, used 214803K [0x0000000600000000, 0x0000000800000000)
  region size 4096K, 2 young (8192K), 2 survivors (8192K)
 Metaspace       used 196337K, committed 199232K, reserved 1245184K
  class space    used 24957K, committed 26368K, reserved 1048576K
}
Event: 78.125 GC heap before
{Heap before GC invocations=70 (full 0):
 garbage-first heap   total 581632K, used 534291K [0x0000000600000000, 0x0000000800000000)
  region size 4096K, 80 young (327680K), 2 survivors (8192K)
 Metaspace       used 202450K, committed 205440K, reserved 1245184K
  class space    used 25769K, committed 27264K, reserved 1048576K
}
Event: 78.139 GC heap after
{Heap after GC invocations=71 (full 0):
 garbage-first heap   total 581632K, used 225974K [0x0000000600000000, 0x0000000800000000)
  region size 4096K, 5 young (20480K), 5 survivors (20480K)
 Metaspace       used 202450K, committed 205440K, reserved 1245184K
  class space    used 25769K, committed 27264K, reserved 1048576K
}
Event: 79.127 GC heap before
{Heap before GC invocations=71 (full 0):
 garbage-first heap   total 581632K, used 520886K [0x0000000600000000, 0x0000000800000000)
  region size 4096K, 78 young (319488K), 5 survivors (20480K)
 Metaspace       used 202494K, committed 205504K, reserved 1245184K
  class space    used 25769K, committed 27264K, reserved 1048576K
}
Event: 79.141 GC heap after
{Heap after GC invocations=72 (full 0):
 garbage-first heap   total 581632K, used 232354K [0x0000000600000000, 0x0000000800000000)
  region size 4096K, 6 young (24576K), 6 survivors (24576K)
 Metaspace       used 202494K, committed 205504K, reserved 1245184K
  class space    used 25769K, committed 27264K, reserved 1048576K
}
Event: 80.719 GC heap before
{Heap before GC invocations=73 (full 0):
 garbage-first heap   total 581632K, used 519074K [0x0000000600000000, 0x0000000800000000)
  region size 4096K, 77 young (315392K), 6 survivors (24576K)
 Metaspace       used 202581K, committed 205568K, reserved 1245184K
  class space    used 25776K, committed 27264K, reserved 1048576K
}
Event: 80.765 GC heap after
{Heap after GC invocations=74 (full 0):
 garbage-first heap   total 581632K, used 257096K [0x0000000600000000, 0x0000000800000000)
  region size 4096K, 9 young (36864K), 9 survivors (36864K)
 Metaspace       used 202581K, committed 205568K, reserved 1245184K
  class space    used 25776K, committed 27264K, reserved 1048576K
}
Event: 81.532 GC heap before
{Heap before GC invocations=74 (full 0):
 garbage-first heap   total 581632K, used 502856K [0x0000000600000000, 0x0000000800000000)
  region size 4096K, 70 young (286720K), 9 survivors (36864K)
 Metaspace       used 202614K, committed 205568K, reserved 1245184K
  class space    used 25776K, committed 27264K, reserved 1048576K
}
Event: 81.568 GC heap after
{Heap after GC invocations=75 (full 0):
 garbage-first heap   total 581632K, used 257295K [0x0000000600000000, 0x0000000800000000)
  region size 4096K, 1 young (4096K), 1 survivors (4096K)
 Metaspace       used 202614K, committed 205568K, reserved 1245184K
  class space    used 25776K, committed 27264K, reserved 1048576K
}
Event: 82.096 GC heap before
{Heap before GC invocations=75 (full 0):
 garbage-first heap   total 581632K, used 539919K [0x0000000600000000, 0x0000000800000000)
  region size 4096K, 71 young (290816K), 1 survivors (4096K)
 Metaspace       used 202635K, committed 205568K, reserved 1245184K
  class space    used 25776K, committed 27264K, reserved 1048576K
}
Event: 82.103 GC heap after
{Heap after GC invocations=76 (full 0):
 garbage-first heap   total 581632K, used 260133K [0x0000000600000000, 0x0000000800000000)
  region size 4096K, 2 young (8192K), 2 survivors (8192K)
 Metaspace       used 202635K, committed 205568K, reserved 1245184K
  class space    used 25776K, committed 27264K, reserved 1048576K
}
Event: 82.926 GC heap before
{Heap before GC invocations=77 (full 0):
 garbage-first heap   total 581632K, used 538661K [0x0000000600000000, 0x0000000800000000)
  region size 4096K, 70 young (286720K), 2 survivors (8192K)
 Metaspace       used 202601K, committed 205632K, reserved 1245184K
  class space    used 25761K, committed 27264K, reserved 1048576K
}
Event: 82.935 GC heap after
{Heap after GC invocations=78 (full 0):
 garbage-first heap   total 581632K, used 261722K [0x0000000600000000, 0x0000000800000000)
  region size 4096K, 3 young (12288K), 3 survivors (12288K)
 Metaspace       used 202601K, committed 205632K, reserved 1245184K
  class space    used 25761K, committed 27264K, reserved 1048576K
}
Event: 83.821 GC heap before
{Heap before GC invocations=78 (full 0):
 garbage-first heap   total 581632K, used 532058K [0x0000000600000000, 0x0000000800000000)
  region size 4096K, 69 young (282624K), 3 survivors (12288K)
 Metaspace       used 202713K, committed 205696K, reserved 1245184K
  class space    used 25762K, committed 27264K, reserved 1048576K
}
Event: 83.837 GC heap after
{Heap after GC invocations=79 (full 0):
 garbage-first heap   total 581632K, used 259484K [0x0000000600000000, 0x0000000800000000)
  region size 4096K, 2 young (8192K), 2 survivors (8192K)
 Metaspace       used 202713K, committed 205696K, reserved 1245184K
  class space    used 25762K, committed 27264K, reserved 1048576K
}
Event: 85.025 GC heap before
{Heap before GC invocations=79 (full 0):
 garbage-first heap   total 581632K, used 538012K [0x0000000600000000, 0x0000000800000000)
  region size 4096K, 70 young (286720K), 2 survivors (8192K)
 Metaspace       used 202800K, committed 205824K, reserved 1245184K
  class space    used 25763K, committed 27264K, reserved 1048576K
}

